<?xml version="1.0" encoding="UTF-8"?>
<!-- Generated by org.testng.reporters.JUnitReportReporter -->
<testsuite hostname="LPTIN453" name="TestCases.TC001_VisaTypeCRUDTestCase" tests="6" failures="0" timestamp="11 May 2020 10:08:14 GMT" time="16.006" errors="0">
  <testcase name="EditGetVisaType" time="0.550" classname="TestCases.TC001_VisaTypeCRUDTestCase"/>
  <testcase name="CreateNewVisaType" time="12.398" classname="TestCases.TC001_VisaTypeCRUDTestCase"/>
  <testcase name="EditVisaType" time="0.686" classname="TestCases.TC001_VisaTypeCRUDTestCase"/>
  <testcase name="DeleteGetVisaType" time="0.606" classname="TestCases.TC001_VisaTypeCRUDTestCase"/>
  <testcase name="DeleteVisaType" time="0.659" classname="TestCases.TC001_VisaTypeCRUDTestCase"/>
  <testcase name="CreateVerifyingCodeValidationinewNewMode" time="1.107" classname="TestCases.TC001_VisaTypeCRUDTestCase"/>
</testsuite> <!-- TestCases.TC001_VisaTypeCRUDTestCase -->
