<?xml version="1.0" encoding="UTF-8"?>
<!-- Generated by org.testng.reporters.JUnitReportReporter -->
<testsuite hostname="LPTIN453" name="com.student.TestCases.TC001_SAPStatusCRUDTestCases" tests="1" failures="0" timestamp="12 May 2020 18:33:57 GMT" time="0.130" errors="0">
  <testcase name="Setup" time="0.130" classname="com.student.TestCases.TC001_SAPStatusCRUDTestCases"/>
</testsuite> <!-- com.student.TestCases.TC001_SAPStatusCRUDTestCases -->
