<?xml version="1.0" encoding="UTF-8"?>
<!-- Generated by org.testng.reporters.JUnitReportReporter -->
<testsuite hostname="LPTIN453" name="VisaTypeTestCase" tests="1" failures="0" timestamp="7 May 2020 17:29:57 GMT" time="0.057" errors="0">
  <testcase name="CreateNewVisaType" time="0.057" classname="VisaTypeTestCase"/>
</testsuite> <!-- VisaTypeTestCase -->
