<?xml version="1.0" encoding="UTF-8"?>
<!-- Generated by org.testng.reporters.JUnitReportReporter -->
<testsuite hostname="LPTIN453" name="TestCases.TC001_VisaTypeTestCase" tests="2" failures="0" timestamp="10 May 2020 13:52:42 GMT" time="2.916" errors="0">
  <testcase name="CreateNewVisaType" time="2.332" classname="TestCases.TC001_VisaTypeTestCase"/>
  <testcase name="CreateNewVisaType" time="0.584" classname="TestCases.TC001_VisaTypeTestCase"/>
</testsuite> <!-- TestCases.TC001_VisaTypeTestCase -->
