<?xml version="1.0" encoding="UTF-8"?>
<!-- Generated by org.testng.reporters.JUnitReportReporter -->
<testsuite hostname="LPTIN453" name="TestCases.TC001_VisaTypeCRUDTestCase" tests="6" failures="0" timestamp="11 May 2020 08:43:20 GMT" time="65.054" errors="0">
  <testcase name="DeleteGetVisaType" time="0.702" classname="TestCases.TC001_VisaTypeCRUDTestCase"/>
  <testcase name="EditVisaType" time="0.866" classname="TestCases.TC001_VisaTypeCRUDTestCase"/>
  <testcase name="EditGetVisaType" time="0.798" classname="TestCases.TC001_VisaTypeCRUDTestCase"/>
  <testcase name="CreateVerifyingCodeValidationinewNewMode" time="0.699" classname="TestCases.TC001_VisaTypeCRUDTestCase"/>
  <testcase name="DeleteVisaType" time="1.356" classname="TestCases.TC001_VisaTypeCRUDTestCase"/>
  <testcase name="CreateNewVisaType" time="60.633" classname="TestCases.TC001_VisaTypeCRUDTestCase"/>
</testsuite> <!-- TestCases.TC001_VisaTypeCRUDTestCase -->
