<?xml version="1.0" encoding="UTF-8"?>
<!-- Generated by org.testng.reporters.JUnitReportReporter -->
<testsuite hostname="LPTIN453" name="com.student.TestCases.TC001_VisaTypeCRUDTestCase" tests="6" failures="0" timestamp="12 May 2020 07:17:26 GMT" time="16.587" errors="0">
  <testcase name="CodeValidationinewNewMode" time="1.458" classname="com.student.TestCases.TC001_VisaTypeCRUDTestCase"/>
  <testcase name="GetforDeleteVisaType" time="0.596" classname="com.student.TestCases.TC001_VisaTypeCRUDTestCase"/>
  <testcase name="GetforEditVisaType" time="0.659" classname="com.student.TestCases.TC001_VisaTypeCRUDTestCase"/>
  <testcase name="CreateVisaType" time="12.492" classname="com.student.TestCases.TC001_VisaTypeCRUDTestCase"/>
  <testcase name="EditVisaType" time="0.701" classname="com.student.TestCases.TC001_VisaTypeCRUDTestCase"/>
  <testcase name="DeleteVisaType" time="0.681" classname="com.student.TestCases.TC001_VisaTypeCRUDTestCase"/>
</testsuite> <!-- com.student.TestCases.TC001_VisaTypeCRUDTestCase -->
