<?xml version="1.0" encoding="UTF-8"?>
<!-- Generated by org.testng.reporters.JUnitReportReporter -->
<testsuite hostname="LPTIN453" name="com.student.TestCases.TC002_BudgetsCRUDTestCase" tests="5" failures="0" timestamp="12 May 2020 07:17:26 GMT" time="8.943" errors="0">
  <testcase name="GetDeleteBudgets" time="0.598" classname="com.student.TestCases.TC002_BudgetsCRUDTestCase"/>
  <testcase name="DeleteRecordBudgets" time="0.683" classname="com.student.TestCases.TC002_BudgetsCRUDTestCase"/>
  <testcase name="GetEditBudgets" time="0.659" classname="com.student.TestCases.TC002_BudgetsCRUDTestCase"/>
  <testcase name="EditRecordBudgets" time="0.719" classname="com.student.TestCases.TC002_BudgetsCRUDTestCase"/>
  <testcase name="CreateRecordBudgets" time="6.284" classname="com.student.TestCases.TC002_BudgetsCRUDTestCase"/>
</testsuite> <!-- com.student.TestCases.TC002_BudgetsCRUDTestCase -->
